<?xml version="1.0" encoding="UTF-8"?>
<!-- Generated by org.testng.reporters.JUnitReportReporter -->
<testsuite hostname="DESKTOP-D0DJ3KT" failures="0" tests="1" name="Basepkg.Baseclass$Maven" time="4.578" errors="0" timestamp="2023-11-17T12:00:59 IST" skipped="0">
  <testcase classname="Basepkg.Baseclass$Maven" name="test" time="4.578"/>
</testsuite> <!-- Basepkg.Baseclass$Maven -->
