<?xml version="1.0" encoding="UTF-8"?>
<!-- Generated by org.testng.reporters.JUnitReportReporter -->
<testsuite hostname="DESKTOP-D0DJ3KT" failures="0" tests="1" name="Testpkg.AutomationTest" time="31.917" errors="0" timestamp="2023-11-26T10:24:48 IST" skipped="0">
  <testcase classname="Testpkg.AutomationTest" name="test" time="31.917"/>
</testsuite> <!-- Testpkg.AutomationTest -->
