<?xml version="1.0" encoding="UTF-8"?>
<!-- Generated by org.testng.reporters.JUnitReportReporter -->
<testsuite hostname="DESKTOP-D0DJ3KT" failures="0" tests="1" name="Basepkg.Baseclass" time="13.532" errors="0" timestamp="2023-11-18T10:53:39 IST" skipped="0">
  <testcase classname="Basepkg.Baseclass" name="test" time="13.532"/>
</testsuite> <!-- Basepkg.Baseclass -->
